INFO:__main__:🚀 Iniciando SAS Blockchain Registry Middleware...
INFO:     Started server process [16364]
INFO:     Waiting for application startup.
INFO:blockchain.blockchain:Conectado ao Besu. Conta: 0xf39Fd6e51aad88F6F4ce6aB8827279cffFb92266
INFO:blockchain.blockchain:Contrato: 0x5FbDB2315678afecb367f032d93F642f64180aa3
INFO:api.api:API iniciada com sucesso
INFO:     Application startup complete.
INFO:     Uvicorn running on http://0.0.0.0:9000 (Press CTRL+C to quit)
INFO:blockchain.blockchain:Conectado ao Besu. Conta: 0x564345EE2dD6e05BEb5efB7226B6baBB8647240B
INFO:blockchain.blockchain:Contrato: 0x5FbDB2315678afecb367f032d93F642f64180aa3
ERROR:blockchain.blockchain:Erro ao enviar transação: {'code': -32602, 'message': 'Trying to send an incompatible EIP-155 transaction, signed for another chain.', 'data': {'message': 'Trying to send an incompatible EIP-155 transaction, signed for another chain.', 'data': None}}
ERROR:blockchain.blockchain:Erro na operação registration: {'code': -32602, 'message': 'Trying to send an incompatible EIP-155 transaction, signed for another chain.', 'data': {'message': 'Trying to send an incompatible EIP-155 transaction, signed for another chain.', 'data': None}}
ERROR:api.api:Erro no registro SAS-SAS: {'code': -32602, 'message': 'Trying to send an incompatible EIP-155 transaction, signed for another chain.', 'data': {'message': 'Trying to send an incompatible EIP-155 transaction, signed for another chain.', 'data': None}}
INFO:     127.0.0.1:54394 - "POST /v1.3/registration HTTP/1.1" 400 Bad Request
INFO:     Shutting down
INFO:     Waiting for application shutdown.
INFO:     Application shutdown complete.
INFO:     Finished server process [16364]
INFO:__main__:🚀 Iniciando SAS Blockchain Registry Middleware...
INFO:     Started server process [16607]
INFO:     Waiting for application startup.
INFO:blockchain.blockchain:Conectado ao Besu. Conta: 0xf39Fd6e51aad88F6F4ce6aB8827279cffFb92266
INFO:blockchain.blockchain:Contrato: 0x5FbDB2315678afecb367f032d93F642f64180aa3
INFO:api.api:API iniciada com sucesso
INFO:     Application startup complete.
INFO:     Uvicorn running on http://0.0.0.0:9000 (Press CTRL+C to quit)
INFO:blockchain.blockchain:Conectado ao Besu. Conta: 0x564345EE2dD6e05BEb5efB7226B6baBB8647240B
INFO:blockchain.blockchain:Contrato: 0x5FbDB2315678afecb367f032d93F642f64180aa3
ERROR:blockchain.blockchain:Erro ao enviar transação: {'code': -32602, 'message': 'Trying to send an incompatible EIP-155 transaction, signed for another chain.', 'data': {'message': 'Trying to send an incompatible EIP-155 transaction, signed for another chain.', 'data': None}}
ERROR:blockchain.blockchain:Erro na operação registration: {'code': -32602, 'message': 'Trying to send an incompatible EIP-155 transaction, signed for another chain.', 'data': {'message': 'Trying to send an incompatible EIP-155 transaction, signed for another chain.', 'data': None}}
ERROR:api.api:Erro no registro SAS-SAS: {'code': -32602, 'message': 'Trying to send an incompatible EIP-155 transaction, signed for another chain.', 'data': {'message': 'Trying to send an incompatible EIP-155 transaction, signed for another chain.', 'data': None}}
INFO:     127.0.0.1:54296 - "POST /v1.3/registration HTTP/1.1" 400 Bad Request
INFO:     Shutting down
INFO:     Waiting for application shutdown.
INFO:     Application shutdown complete.
INFO:     Finished server process [16607]
INFO:__main__:🚀 Iniciando SAS Blockchain Registry Middleware...
INFO:     Started server process [16987]
INFO:     Waiting for application startup.
INFO:blockchain.blockchain:Conectado ao Besu. Conta: 0xf39Fd6e51aad88F6F4ce6aB8827279cffFb92266
INFO:blockchain.blockchain:Contrato: 0x5FbDB2315678afecb367f032d93F642f64180aa3
INFO:api.api:API iniciada com sucesso
INFO:     Application startup complete.
INFO:     Uvicorn running on http://0.0.0.0:9000 (Press CTRL+C to quit)
INFO:blockchain.blockchain:Conectado ao Besu. Conta: 0x564345EE2dD6e05BEb5efB7226B6baBB8647240B
INFO:blockchain.blockchain:Contrato: 0x5FbDB2315678afecb367f032d93F642f64180aa3
ERROR:blockchain.blockchain:Erro ao enviar transação: {'code': -32602, 'message': 'Trying to send an incompatible EIP-155 transaction, signed for another chain.', 'data': {'message': 'Trying to send an incompatible EIP-155 transaction, signed for another chain.', 'data': None}}
ERROR:blockchain.blockchain:Erro na operação registration: {'code': -32602, 'message': 'Trying to send an incompatible EIP-155 transaction, signed for another chain.', 'data': {'message': 'Trying to send an incompatible EIP-155 transaction, signed for another chain.', 'data': None}}
ERROR:api.api:Erro no registro SAS-SAS: {'code': -32602, 'message': 'Trying to send an incompatible EIP-155 transaction, signed for another chain.', 'data': {'message': 'Trying to send an incompatible EIP-155 transaction, signed for another chain.', 'data': None}}
INFO:     127.0.0.1:58006 - "POST /v1.3/registration HTTP/1.1" 400 Bad Request
INFO:     Shutting down
INFO:     Waiting for application shutdown.
INFO:     Application shutdown complete.
INFO:     Finished server process [16987]
INFO:__main__:🚀 Iniciando SAS Blockchain Registry Middleware...
INFO:     Started server process [18257]
INFO:     Waiting for application startup.
INFO:blockchain.blockchain:Conectado ao Besu. Conta: 0xf39Fd6e51aad88F6F4ce6aB8827279cffFb92266
INFO:blockchain.blockchain:Contrato: 0x5FbDB2315678afecb367f032d93F642f64180aa3
INFO:api.api:API iniciada com sucesso
INFO:     Application startup complete.
INFO:     Uvicorn running on http://0.0.0.0:9000 (Press CTRL+C to quit)
INFO:blockchain.blockchain:Conectado ao Besu. Conta: 0x564345EE2dD6e05BEb5efB7226B6baBB8647240B
INFO:blockchain.blockchain:Contrato: 0x5FbDB2315678afecb367f032d93F642f64180aa3
ERROR:blockchain.blockchain:Erro ao enviar transação: {'code': -32602, 'message': 'Trying to send an incompatible EIP-155 transaction, signed for another chain.', 'data': {'message': 'Trying to send an incompatible EIP-155 transaction, signed for another chain.', 'data': None}}
ERROR:blockchain.blockchain:Erro na operação registration: {'code': -32602, 'message': 'Trying to send an incompatible EIP-155 transaction, signed for another chain.', 'data': {'message': 'Trying to send an incompatible EIP-155 transaction, signed for another chain.', 'data': None}}
ERROR:api.api:Erro no registro SAS-SAS: {'code': -32602, 'message': 'Trying to send an incompatible EIP-155 transaction, signed for another chain.', 'data': {'message': 'Trying to send an incompatible EIP-155 transaction, signed for another chain.', 'data': None}}
INFO:     127.0.0.1:49428 - "POST /v1.3/registration HTTP/1.1" 400 Bad Request
INFO:     Shutting down
INFO:     Waiting for application shutdown.
INFO:     Application shutdown complete.
INFO:     Finished server process [18257]
INFO:__main__:🚀 Iniciando SAS Blockchain Registry Middleware...
INFO:     Started server process [18385]
INFO:     Waiting for application startup.
INFO:blockchain.blockchain:Conectado ao Besu. Conta: 0xf39Fd6e51aad88F6F4ce6aB8827279cffFb92266
INFO:blockchain.blockchain:Contrato: 0x5FbDB2315678afecb367f032d93F642f64180aa3
INFO:api.api:API iniciada com sucesso
INFO:     Application startup complete.
INFO:     Uvicorn running on http://0.0.0.0:9000 (Press CTRL+C to quit)
INFO:blockchain.blockchain:Conectado ao Besu. Conta: 0x564345EE2dD6e05BEb5efB7226B6baBB8647240B
INFO:blockchain.blockchain:Contrato: 0x5FbDB2315678afecb367f032d93F642f64180aa3
ERROR:blockchain.blockchain:Erro ao enviar transação: {'code': -32602, 'message': 'Trying to send an incompatible EIP-155 transaction, signed for another chain.', 'data': {'message': 'Trying to send an incompatible EIP-155 transaction, signed for another chain.', 'data': None}}
ERROR:blockchain.blockchain:Erro na operação registration: {'code': -32602, 'message': 'Trying to send an incompatible EIP-155 transaction, signed for another chain.', 'data': {'message': 'Trying to send an incompatible EIP-155 transaction, signed for another chain.', 'data': None}}
ERROR:api.api:Erro no registro SAS-SAS: {'code': -32602, 'message': 'Trying to send an incompatible EIP-155 transaction, signed for another chain.', 'data': {'message': 'Trying to send an incompatible EIP-155 transaction, signed for another chain.', 'data': None}}
INFO:     127.0.0.1:42420 - "POST /v1.3/registration HTTP/1.1" 400 Bad Request
INFO:blockchain.blockchain:Conectado ao Besu. Conta: 0x564345EE2dD6e05BEb5efB7226B6baBB8647240B
INFO:blockchain.blockchain:Contrato: 0x5FbDB2315678afecb367f032d93F642f64180aa3
ERROR:blockchain.blockchain:Erro ao enviar transação: {'code': -32602, 'message': 'Trying to send an incompatible EIP-155 transaction, signed for another chain.', 'data': {'message': 'Trying to send an incompatible EIP-155 transaction, signed for another chain.', 'data': None}}
ERROR:blockchain.blockchain:Erro na operação registration: {'code': -32602, 'message': 'Trying to send an incompatible EIP-155 transaction, signed for another chain.', 'data': {'message': 'Trying to send an incompatible EIP-155 transaction, signed for another chain.', 'data': None}}
ERROR:api.api:Erro no registro SAS-SAS: {'code': -32602, 'message': 'Trying to send an incompatible EIP-155 transaction, signed for another chain.', 'data': {'message': 'Trying to send an incompatible EIP-155 transaction, signed for another chain.', 'data': None}}
INFO:     127.0.0.1:38618 - "POST /v1.3/registration HTTP/1.1" 400 Bad Request
INFO:     Shutting down
INFO:     Waiting for application shutdown.
INFO:     Application shutdown complete.
INFO:     Finished server process [18385]
INFO:__main__:🚀 Iniciando SAS Blockchain Registry Middleware...
INFO:     Started server process [18714]
INFO:     Waiting for application startup.
INFO:blockchain.blockchain:Conectado ao Besu. Conta: 0xf39Fd6e51aad88F6F4ce6aB8827279cffFb92266
INFO:blockchain.blockchain:Contrato: 0x5FbDB2315678afecb367f032d93F642f64180aa3
INFO:api.api:API iniciada com sucesso
INFO:     Application startup complete.
INFO:     Uvicorn running on http://0.0.0.0:9000 (Press CTRL+C to quit)
INFO:blockchain.blockchain:Conectado ao Besu. Conta: 0x564345EE2dD6e05BEb5efB7226B6baBB8647240B
INFO:blockchain.blockchain:Contrato: 0x5FbDB2315678afecb367f032d93F642f64180aa3
ERROR:blockchain.blockchain:Erro ao enviar transação: {'code': -32602, 'message': 'Trying to send an incompatible EIP-155 transaction, signed for another chain.', 'data': {'message': 'Trying to send an incompatible EIP-155 transaction, signed for another chain.', 'data': None}}
ERROR:blockchain.blockchain:Erro na operação registration: {'code': -32602, 'message': 'Trying to send an incompatible EIP-155 transaction, signed for another chain.', 'data': {'message': 'Trying to send an incompatible EIP-155 transaction, signed for another chain.', 'data': None}}
ERROR:api.api:Erro no registro SAS-SAS: {'code': -32602, 'message': 'Trying to send an incompatible EIP-155 transaction, signed for another chain.', 'data': {'message': 'Trying to send an incompatible EIP-155 transaction, signed for another chain.', 'data': None}}
INFO:     127.0.0.1:41444 - "POST /v1.3/registration HTTP/1.1" 400 Bad Request
INFO:     Shutting down
INFO:     Waiting for application shutdown.
INFO:     Application shutdown complete.
INFO:     Finished server process [18714]
